<?xml version="1.0" encoding="UTF-8"?>
<!-- Generated by org.testng.reporters.JUnitXMLReporter -->
<testsuite ignored="0" hostname="LAPTOP-05TVQVCO" failures="0" tests="3" name="Default test" time="9.593" errors="0" timestamp="2023-09-11T16:46:02 IST">
  <testcase classname="com.tutorialninja.qa.testcases.Search" name="verifySearchWithValidProruct" time="0.437"/>
  <testcase classname="com.tutorialninja.qa.testcases.Search" name="verifySearchWithInValidProruct" time="0.458"/>
  <testcase classname="com.tutorialninja.qa.testcases.Search" name="verifySearchWithoutAnyProruct" time="0.356"/>
</testsuite> <!-- Default test -->
