<?xml version="1.0" encoding="UTF-8"?>
<!-- Generated by org.testng.reporters.JUnitXMLReporter -->
<testsuite ignored="0" hostname="LAPTOP-05TVQVCO" failures="0" tests="12" name="TutorialNinja Test Cases" time="48.702" errors="0" timestamp="2023-09-11T17:00:57 IST">
  <testcase classname="com.tutorialninja.qa.testcases.Register" name="verifyRegisteringAnAccountWithMandatoryFields" time="1.975"/>
  <testcase classname="com.tutorialninja.qa.testcases.Register" name="verifyRegisteringAnAccountWithAllFields" time="1.448"/>
  <testcase classname="com.tutorialninja.qa.testcases.Register" name="verifyRegisteringAnAccountWithExsistingEmailAddress" time="0.852"/>
  <testcase classname="com.tutorialninja.qa.testcases.Register" name="verifyRegisteringAnAccountWithoutFillingAnyDetails" time="0.467"/>
  <testcase classname="com.tutorialninja.qa.testcases.Login" name="VerifyLoginWithValidCredentials" time="1.245"/>
  <testcase classname="com.tutorialninja.qa.testcases.Login" name="VerifyLoginWithInvalidCredentials" time="0.608"/>
  <testcase classname="com.tutorialninja.qa.testcases.Login" name="VerifyLoginWithValidEmailAddressandInvalidpasword" time="0.592"/>
  <testcase classname="com.tutorialninja.qa.testcases.Login" name="VerifyLoginWithInValidEmailAddressandvalidpasword" time="0.517"/>
  <testcase classname="com.tutorialninja.qa.testcases.Login" name="VerifyLoginWithoutProvidingCredentials" time="0.463"/>
  <testcase classname="com.tutorialninja.qa.testcases.Search" name="verifySearchWithValidProruct" time="0.974"/>
  <testcase classname="com.tutorialninja.qa.testcases.Search" name="verifySearchWithInValidProruct" time="0.694"/>
  <testcase classname="com.tutorialninja.qa.testcases.Search" name="verifySearchWithoutAnyProruct" time="0.636"/>
</testsuite> <!-- TutorialNinja Test Cases -->
