<?xml version="1.0" encoding="UTF-8"?>
<testng-results ignored="0" total="12" passed="12" failed="0" skipped="0">
  <reporter-output>
  </reporter-output>
  <suite started-at="2023-09-11T17:00:08 IST" name="TutorialNinja Test Suite" finished-at="2023-09-11T17:00:57 IST" duration-ms="48702">
    <groups>
    </groups>
    <test started-at="2023-09-11T17:00:08 IST" name="TutorialNinja Test Cases" finished-at="2023-09-11T17:00:57 IST" duration-ms="48702">
      <class name="com.tutorialninja.qa.testcases.Login">
        <test-method is-config="true" signature="setup()[pri:0, instance:com.tutorialninja.qa.testcases.Login@443118b0]" started-at="2023-09-11T17:00:28 IST" name="setup" finished-at="2023-09-11T17:00:31 IST" duration-ms="2956" status="PASS">
          <reporter-output>
          </reporter-output>
        </test-method> <!-- setup -->
        <test-method signature="VerifyLoginWithValidCredentials()[pri:1, instance:com.tutorialninja.qa.testcases.Login@443118b0]" started-at="2023-09-11T17:00:31 IST" name="VerifyLoginWithValidCredentials" finished-at="2023-09-11T17:00:32 IST" duration-ms="1245" status="PASS">
          <reporter-output>
          </reporter-output>
        </test-method> <!-- VerifyLoginWithValidCredentials -->
        <test-method is-config="true" signature="tearDown()[pri:0, instance:com.tutorialninja.qa.testcases.Login@443118b0]" started-at="2023-09-11T17:00:32 IST" name="tearDown" finished-at="2023-09-11T17:00:32 IST" duration-ms="226" status="PASS">
          <reporter-output>
          </reporter-output>
        </test-method> <!-- tearDown -->
        <test-method is-config="true" signature="setup()[pri:0, instance:com.tutorialninja.qa.testcases.Login@443118b0]" started-at="2023-09-11T17:00:32 IST" name="setup" finished-at="2023-09-11T17:00:35 IST" duration-ms="2857" status="PASS">
          <reporter-output>
          </reporter-output>
        </test-method> <!-- setup -->
        <test-method signature="VerifyLoginWithInvalidCredentials()[pri:2, instance:com.tutorialninja.qa.testcases.Login@443118b0]" started-at="2023-09-11T17:00:35 IST" name="VerifyLoginWithInvalidCredentials" finished-at="2023-09-11T17:00:36 IST" duration-ms="608" status="PASS">
          <reporter-output>
          </reporter-output>
        </test-method> <!-- VerifyLoginWithInvalidCredentials -->
        <test-method is-config="true" signature="tearDown()[pri:0, instance:com.tutorialninja.qa.testcases.Login@443118b0]" started-at="2023-09-11T17:00:36 IST" name="tearDown" finished-at="2023-09-11T17:00:36 IST" duration-ms="259" status="PASS">
          <reporter-output>
          </reporter-output>
        </test-method> <!-- tearDown -->
        <test-method is-config="true" signature="setup()[pri:0, instance:com.tutorialninja.qa.testcases.Login@443118b0]" started-at="2023-09-11T17:00:36 IST" name="setup" finished-at="2023-09-11T17:00:39 IST" duration-ms="2980" status="PASS">
          <reporter-output>
          </reporter-output>
        </test-method> <!-- setup -->
        <test-method signature="VerifyLoginWithValidEmailAddressandInvalidpasword()[pri:3, instance:com.tutorialninja.qa.testcases.Login@443118b0]" started-at="2023-09-11T17:00:39 IST" name="VerifyLoginWithValidEmailAddressandInvalidpasword" finished-at="2023-09-11T17:00:40 IST" duration-ms="592" status="PASS">
          <reporter-output>
          </reporter-output>
        </test-method> <!-- VerifyLoginWithValidEmailAddressandInvalidpasword -->
        <test-method is-config="true" signature="tearDown()[pri:0, instance:com.tutorialninja.qa.testcases.Login@443118b0]" started-at="2023-09-11T17:00:40 IST" name="tearDown" finished-at="2023-09-11T17:00:40 IST" duration-ms="482" status="PASS">
          <reporter-output>
          </reporter-output>
        </test-method> <!-- tearDown -->
        <test-method is-config="true" signature="setup()[pri:0, instance:com.tutorialninja.qa.testcases.Login@443118b0]" started-at="2023-09-11T17:00:40 IST" name="setup" finished-at="2023-09-11T17:00:43 IST" duration-ms="2951" status="PASS">
          <reporter-output>
          </reporter-output>
        </test-method> <!-- setup -->
        <test-method signature="VerifyLoginWithInValidEmailAddressandvalidpasword()[pri:4, instance:com.tutorialninja.qa.testcases.Login@443118b0]" started-at="2023-09-11T17:00:43 IST" name="VerifyLoginWithInValidEmailAddressandvalidpasword" finished-at="2023-09-11T17:00:44 IST" duration-ms="517" status="PASS">
          <reporter-output>
          </reporter-output>
        </test-method> <!-- VerifyLoginWithInValidEmailAddressandvalidpasword -->
        <test-method is-config="true" signature="tearDown()[pri:0, instance:com.tutorialninja.qa.testcases.Login@443118b0]" started-at="2023-09-11T17:00:44 IST" name="tearDown" finished-at="2023-09-11T17:00:44 IST" duration-ms="239" status="PASS">
          <reporter-output>
          </reporter-output>
        </test-method> <!-- tearDown -->
        <test-method is-config="true" signature="setup()[pri:0, instance:com.tutorialninja.qa.testcases.Login@443118b0]" started-at="2023-09-11T17:00:44 IST" name="setup" finished-at="2023-09-11T17:00:47 IST" duration-ms="2965" status="PASS">
          <reporter-output>
          </reporter-output>
        </test-method> <!-- setup -->
        <test-method signature="VerifyLoginWithoutProvidingCredentials()[pri:5, instance:com.tutorialninja.qa.testcases.Login@443118b0]" started-at="2023-09-11T17:00:47 IST" name="VerifyLoginWithoutProvidingCredentials" finished-at="2023-09-11T17:00:47 IST" duration-ms="463" status="PASS">
          <reporter-output>
          </reporter-output>
        </test-method> <!-- VerifyLoginWithoutProvidingCredentials -->
        <test-method is-config="true" signature="tearDown()[pri:0, instance:com.tutorialninja.qa.testcases.Login@443118b0]" started-at="2023-09-11T17:00:47 IST" name="tearDown" finished-at="2023-09-11T17:00:48 IST" duration-ms="237" status="PASS">
          <reporter-output>
          </reporter-output>
        </test-method> <!-- tearDown -->
      </class> <!-- com.tutorialninja.qa.testcases.Login -->
      <class name="com.tutorialninja.qa.testcases.Search">
        <test-method is-config="true" signature="setup()[pri:0, instance:com.tutorialninja.qa.testcases.Search@765d7657]" started-at="2023-09-11T17:00:48 IST" name="setup" finished-at="2023-09-11T17:00:50 IST" duration-ms="2017" status="PASS">
          <reporter-output>
          </reporter-output>
        </test-method> <!-- setup -->
        <test-method signature="verifySearchWithValidProruct()[pri:1, instance:com.tutorialninja.qa.testcases.Search@765d7657]" started-at="2023-09-11T17:00:50 IST" name="verifySearchWithValidProruct" finished-at="2023-09-11T17:00:51 IST" duration-ms="974" status="PASS">
          <reporter-output>
          </reporter-output>
        </test-method> <!-- verifySearchWithValidProruct -->
        <test-method is-config="true" signature="tearDown()[pri:0, instance:com.tutorialninja.qa.testcases.Search@765d7657]" started-at="2023-09-11T17:00:51 IST" name="tearDown" finished-at="2023-09-11T17:00:51 IST" duration-ms="297" status="PASS">
          <reporter-output>
          </reporter-output>
        </test-method> <!-- tearDown -->
        <test-method is-config="true" signature="setup()[pri:0, instance:com.tutorialninja.qa.testcases.Search@765d7657]" started-at="2023-09-11T17:00:51 IST" name="setup" finished-at="2023-09-11T17:00:53 IST" duration-ms="2126" status="PASS">
          <reporter-output>
          </reporter-output>
        </test-method> <!-- setup -->
        <test-method signature="verifySearchWithInValidProruct()[pri:2, instance:com.tutorialninja.qa.testcases.Search@765d7657]" started-at="2023-09-11T17:00:53 IST" name="verifySearchWithInValidProruct" finished-at="2023-09-11T17:00:54 IST" duration-ms="694" status="PASS">
          <reporter-output>
          </reporter-output>
        </test-method> <!-- verifySearchWithInValidProruct -->
        <test-method is-config="true" signature="tearDown()[pri:0, instance:com.tutorialninja.qa.testcases.Search@765d7657]" started-at="2023-09-11T17:00:54 IST" name="tearDown" finished-at="2023-09-11T17:00:54 IST" duration-ms="237" status="PASS">
          <reporter-output>
          </reporter-output>
        </test-method> <!-- tearDown -->
        <test-method is-config="true" signature="setup()[pri:0, instance:com.tutorialninja.qa.testcases.Search@765d7657]" started-at="2023-09-11T17:00:54 IST" name="setup" finished-at="2023-09-11T17:00:56 IST" duration-ms="2029" status="PASS">
          <reporter-output>
          </reporter-output>
        </test-method> <!-- setup -->
        <test-method signature="verifySearchWithoutAnyProruct()[pri:3, instance:com.tutorialninja.qa.testcases.Search@765d7657]" started-at="2023-09-11T17:00:56 IST" name="verifySearchWithoutAnyProruct" finished-at="2023-09-11T17:00:57 IST" duration-ms="636" status="PASS">
          <reporter-output>
          </reporter-output>
        </test-method> <!-- verifySearchWithoutAnyProruct -->
        <test-method is-config="true" signature="tearDown()[pri:0, instance:com.tutorialninja.qa.testcases.Search@765d7657]" started-at="2023-09-11T17:00:57 IST" name="tearDown" finished-at="2023-09-11T17:00:57 IST" duration-ms="237" status="PASS">
          <reporter-output>
          </reporter-output>
        </test-method> <!-- tearDown -->
      </class> <!-- com.tutorialninja.qa.testcases.Search -->
      <class name="com.tutorialninja.qa.testcases.Register">
        <test-method is-config="true" signature="setup()[pri:0, instance:com.tutorialninja.qa.testcases.Register@351d00c0]" started-at="2023-09-11T17:00:08 IST" name="setup" finished-at="2023-09-11T17:00:13 IST" duration-ms="5041" status="PASS">
          <reporter-output>
          </reporter-output>
        </test-method> <!-- setup -->
        <test-method signature="verifyRegisteringAnAccountWithMandatoryFields()[pri:1, instance:com.tutorialninja.qa.testcases.Register@351d00c0]" started-at="2023-09-11T17:00:13 IST" name="verifyRegisteringAnAccountWithMandatoryFields" finished-at="2023-09-11T17:00:15 IST" duration-ms="1975" status="PASS">
          <reporter-output>
          </reporter-output>
        </test-method> <!-- verifyRegisteringAnAccountWithMandatoryFields -->
        <test-method is-config="true" signature="tearDown()[pri:0, instance:com.tutorialninja.qa.testcases.Register@351d00c0]" started-at="2023-09-11T17:00:15 IST" name="tearDown" finished-at="2023-09-11T17:00:16 IST" duration-ms="289" status="PASS">
          <reporter-output>
          </reporter-output>
        </test-method> <!-- tearDown -->
        <test-method is-config="true" signature="setup()[pri:0, instance:com.tutorialninja.qa.testcases.Register@351d00c0]" started-at="2023-09-11T17:00:16 IST" name="setup" finished-at="2023-09-11T17:00:18 IST" duration-ms="2718" status="PASS">
          <reporter-output>
          </reporter-output>
        </test-method> <!-- setup -->
        <test-method signature="verifyRegisteringAnAccountWithAllFields()[pri:2, instance:com.tutorialninja.qa.testcases.Register@351d00c0]" started-at="2023-09-11T17:00:18 IST" name="verifyRegisteringAnAccountWithAllFields" finished-at="2023-09-11T17:00:20 IST" duration-ms="1448" status="PASS">
          <reporter-output>
          </reporter-output>
        </test-method> <!-- verifyRegisteringAnAccountWithAllFields -->
        <test-method is-config="true" signature="tearDown()[pri:0, instance:com.tutorialninja.qa.testcases.Register@351d00c0]" started-at="2023-09-11T17:00:20 IST" name="tearDown" finished-at="2023-09-11T17:00:20 IST" duration-ms="279" status="PASS">
          <reporter-output>
          </reporter-output>
        </test-method> <!-- tearDown -->
        <test-method is-config="true" signature="setup()[pri:0, instance:com.tutorialninja.qa.testcases.Register@351d00c0]" started-at="2023-09-11T17:00:20 IST" name="setup" finished-at="2023-09-11T17:00:23 IST" duration-ms="3139" status="PASS">
          <reporter-output>
          </reporter-output>
        </test-method> <!-- setup -->
        <test-method signature="verifyRegisteringAnAccountWithExsistingEmailAddress()[pri:3, instance:com.tutorialninja.qa.testcases.Register@351d00c0]" started-at="2023-09-11T17:00:23 IST" name="verifyRegisteringAnAccountWithExsistingEmailAddress" finished-at="2023-09-11T17:00:24 IST" duration-ms="852" status="PASS">
          <reporter-output>
          </reporter-output>
        </test-method> <!-- verifyRegisteringAnAccountWithExsistingEmailAddress -->
        <test-method is-config="true" signature="tearDown()[pri:0, instance:com.tutorialninja.qa.testcases.Register@351d00c0]" started-at="2023-09-11T17:00:24 IST" name="tearDown" finished-at="2023-09-11T17:00:24 IST" duration-ms="246" status="PASS">
          <reporter-output>
          </reporter-output>
        </test-method> <!-- tearDown -->
        <test-method is-config="true" signature="setup()[pri:0, instance:com.tutorialninja.qa.testcases.Register@351d00c0]" started-at="2023-09-11T17:00:24 IST" name="setup" finished-at="2023-09-11T17:00:27 IST" duration-ms="3088" status="PASS">
          <reporter-output>
          </reporter-output>
        </test-method> <!-- setup -->
        <test-method signature="verifyRegisteringAnAccountWithoutFillingAnyDetails()[pri:4, instance:com.tutorialninja.qa.testcases.Register@351d00c0]" started-at="2023-09-11T17:00:27 IST" name="verifyRegisteringAnAccountWithoutFillingAnyDetails" finished-at="2023-09-11T17:00:28 IST" duration-ms="467" status="PASS">
          <reporter-output>
          </reporter-output>
        </test-method> <!-- verifyRegisteringAnAccountWithoutFillingAnyDetails -->
        <test-method is-config="true" signature="tearDown()[pri:0, instance:com.tutorialninja.qa.testcases.Register@351d00c0]" started-at="2023-09-11T17:00:28 IST" name="tearDown" finished-at="2023-09-11T17:00:28 IST" duration-ms="263" status="PASS">
          <reporter-output>
          </reporter-output>
        </test-method> <!-- tearDown -->
      </class> <!-- com.tutorialninja.qa.testcases.Register -->
    </test> <!-- TutorialNinja Test Cases -->
  </suite> <!-- TutorialNinja Test Suite -->
</testng-results>
